<?xml version="1.0" encoding="UTF-8"?>
<testng-results ignored="0" total="1" passed="1" failed="0" skipped="0">
  <reporter-output>
  </reporter-output>
  <suite started-at="2025-10-27T13:07:28 IST" name="Default suite" finished-at="2025-10-27T13:07:28 IST" duration-ms="77">
    <groups>
    </groups>
    <test started-at="2025-10-27T13:07:28 IST" name="Default test" finished-at="2025-10-27T13:07:28 IST" duration-ms="77">
      <class name="demo_Github.GithubPractice">
        <test-method signature="display()[pri:0, instance:demo_Github.GithubPractice@dd05255]" started-at="2025-10-27T13:07:28 IST" name="display" finished-at="2025-10-27T13:07:28 IST" duration-ms="12" status="PASS">
          <reporter-output>
          </reporter-output>
        </test-method> <!-- display -->
      </class> <!-- demo_Github.GithubPractice -->
    </test> <!-- Default test -->
  </suite> <!-- Default suite -->
</testng-results>
